2024-04-10 17:28:46,338 INFO Create background task
2024-04-10 17:30:02,531 ERROR handler error: division by zero
2024-04-10 17:30:02,534 INFO Create background task
2024-04-10 17:34:20,916 ERROR D:\FastAPI\prject1\src\order\routers.py create_order: handler error: division by zero
2024-04-10 17:34:20,920 INFO Create background task
2024-04-10 17:36:00,113 ERROR routers.py create_order: handler error: division by zero
2024-04-10 17:36:00,116 INFO Create background task
2024-04-10 17:37:04,615 ERROR D:\FastAPI\prject1\src\order\routers.py create_order: handler error: division by zero
2024-04-10 17:37:04,619 INFO Create background task
2024-04-10 17:37:47,607 ERROR D:\FastAPI\prject1\src\order\routers.py create_order: handler error: division by zero
2024-04-10 17:37:47,616 INFO D:\FastAPI\prject1\src\celery_app.py create_order_task: Create background task
2024-04-10 17:38:59,990 ERROR D:\FastAPI\prject1\src\order\routers.py create_order: ERROR handler: division by zero
2024-04-10 17:38:59,992 INFO D:\FastAPI\prject1\src\celery_app.py create_order_task: Create background task
2024-04-10 17:41:56,795 INFO D:\FastAPI\prject1\src\celery_app.py create_order_task: INFO Create background task
2024-04-10 17:41:57,277 ERROR D:\FastAPI\prject1\src\celery_app.py create_order_task: ERROR Celery task crush: division by zero
2024-04-10 17:50:56,672 INFO D:\FastAPI\prject1\src\celery_app.py create_order_task: INFO Create background task
2024-04-10 17:50:57,030 ERROR D:\FastAPI\prject1\src\celery_app.py create_order_task: ERROR Celery task crush: division by zero
2024-04-10 17:51:39,327 INFO D:\FastAPI\prject1\src\celery_app.py create_order_task celery_app: INFO Create background task
2024-04-10 17:51:39,518 ERROR D:\FastAPI\prject1\src\celery_app.py create_order_task celery_app: ERROR Celery task crush: division by zero
2024-04-10 17:52:25,167 INFO D:\FastAPI\prject1\src\celery_app.py create_order_task celery_app: INFO Create background task
2024-04-10 17:52:25,174 ERROR D:\FastAPI\prject1\src\celery_app.py create_order_task celery_app: ERROR Celery task crush: division by zero
2024-04-10 17:52:41,745 INFO D:\FastAPI\prject1\src\celery_app.py create_order_task: INFO Create background task
2024-04-10 17:52:41,938 ERROR D:\FastAPI\prject1\src\celery_app.py create_order_task: ERROR Celery task crush: division by zero
2024-04-10 18:12:50,418 INFO D:\FastAPI\prject1\src\celery_app.py create_order_task: INFO CELERY Create background task
2024-04-10 18:12:50,850 ERROR D:\FastAPI\prject1\src\order\task_celery.py process_create_order: division by zero
2024-04-12 10:19:15,828 ERROR D:\FastAPI\prject1\src\utils\extra_logger.py wrapper: ERROR HANDLER: division by zero
2024-04-12 10:24:11,833 ERROR D:\FastAPI\prject1\src\utils\extra_logger.py wrapper: ERROR HANDLER: division by zero
2024-04-12 10:28:09,610 ERROR D:\FastAPI\prject1\src\utils\extra_logger.py wrapper: ERROR HANDLER: division by zero, File "D:\FastAPI\prject1\.venv\lib\site-packages\fastapi_cache\decorator.py", line 99, in ensure_async_func
2024-04-12 10:33:19,589 ERROR D:\FastAPI\prject1\src\utils\extra_logger.py wrapper: ERROR HANDLER: division by zero
2024-04-12 10:35:12,052 ERROR HANDLER: division by zero, File "D:\FastAPI\prject1\.venv\lib\site-packages\fastapi_cache\decorator.py", line 99, in ensure_async_func
2024-04-12 10:52:16,869  File "D:\FastAPI\prject1\.venv\lib\site-packages\fastapi\routing.py",ERROR HANDLER: division by zero, line 191, in run_endpoint_function
2024-05-08 12:09:53,041 INFO D:\FastAPI\prject1\src\celery_app.py create_order_task: INFO CELERY Create background task
2024-05-08 12:09:53,502 INFO D:\FastAPI\prject1\src\celery_app.py create_order_task: INFO CELERY Create background task
2024-05-08 12:09:53,526 INFO D:\FastAPI\prject1\src\celery_app.py create_order_task: INFO CELERY Create background task
2024-05-08 12:10:37,877 INFO D:\FastAPI\prject1\src\celery_app.py create_order_task: INFO CELERY Create background task
2024-05-08 12:13:16,563 INFO D:\FastAPI\prject1\src\celery_app.py create_order_task: INFO CELERY Create background task
2024-05-13 11:30:45,819 INFO D:\FastAPI\prject1\src\celery_app.py create_order_task: INFO CELERY Create background task
2024-05-13 11:34:40,315 INFO D:\FastAPI\prject1\src\celery_app.py create_order_task: INFO CELERY Create background task
2024-05-13 11:35:53,392 INFO D:\FastAPI\prject1\src\celery_app.py create_order_task: INFO CELERY Create background task
2024-05-13 11:36:40,462 INFO D:\FastAPI\prject1\src\celery_app.py create_order_task: INFO CELERY Create background task
2024-05-13 11:57:49,759 INFO D:\FastAPI\prject1\src\celery_app.py create_order_task: INFO CELERY Create background task
2024-05-13 11:58:40,787 INFO D:\FastAPI\prject1\src\celery_app.py create_order_task: INFO CELERY Create background task
2024-05-13 12:00:43,083 INFO D:\FastAPI\prject1\src\celery_app.py create_order_task: INFO CELERY Create background task
2024-05-13 12:01:43,758 INFO D:\FastAPI\prject1\src\celery_app.py create_order_task: INFO CELERY Create background task
2024-05-13 12:04:06,099 INFO D:\FastAPI\prject1\src\celery_app.py create_order_task: INFO CELERY Create background task
2024-05-13 12:06:07,534 INFO D:\FastAPI\prject1\src\celery_app.py create_order_task: INFO CELERY Create background task
2024-05-13 12:06:58,323 INFO D:\FastAPI\prject1\src\celery_app.py create_order_task: INFO CELERY Create background task
2024-05-13 12:07:32,262 INFO D:\FastAPI\prject1\src\celery_app.py create_order_task: INFO CELERY Create background task
2024-05-13 12:08:02,431 INFO D:\FastAPI\prject1\src\celery_app.py create_order_task: INFO CELERY Create background task
2024-05-13 12:11:07,980 INFO D:\FastAPI\prject1\src\celery_app.py create_order_task: INFO CELERY Create background task
2024-05-13 14:42:20,366 INFO D:\FastAPI\prject1\src\celery_app.py create_order_task: INFO CELERY Create background task
2024-05-13 14:42:20,367 INFO D:\FastAPI\prject1\src\celery_app.py create_order_task: task_id = 64b85b59-57c9-44e6-af0b-8bacdf4baafb
2024-05-13 14:45:43,022 INFO D:\FastAPI\prject1\src\celery_app.py create_order_task: INFO CELERY Create background task
2024-05-13 14:45:43,023 INFO D:\FastAPI\prject1\src\celery_app.py create_order_task: item_data={'name': '4332', 'weight': Decimal('12'), 'cost': Decimal('2312'), 'order_type_name': 'Electronics', 'id': '8153026b-1be8-45d9-9c19-8918c43cb7ae', 'session_uuid': 'b99c653c-46fa-42da-878a-e3f371934b9a', 'celery_task_id': '123b9c21-277d-409d-86ac-540cfd1be8e1'}
